2018-02-24 22:49:43 - main - INFO - logged in
2018-02-24 22:49:43 - bot - INFO - Setting market cap $432,158,122,928.00
2018-02-24 22:50:24 - main - INFO - logged in
2018-02-24 22:50:24 - bot - INFO - Setting market cap $432,380,641,880.00
2018-02-24 22:50:58 - main - INFO - logged in
2018-02-24 22:50:58 - bot - INFO - Setting market cap $432,380,641,880.00
2018-02-24 22:52:23 - main - INFO - logged in
2018-02-24 22:52:24 - bot - INFO - Setting market cap $432,380,641,880.00
2018-02-24 22:52:29 - main - INFO - Lokraan#3797 asked to start checking exchanges []
2018-02-24 22:53:46 - main - INFO - logged in
2018-02-24 22:53:46 - bot - INFO - Setting market cap $432,380,641,880.00
2018-02-24 22:53:47 - main - INFO - Lokraan#3797 asked to start checking exchanges []
2018-02-24 22:53:47 - bot - INFO - Added Test-general to rsi/update outputs
2018-02-24 22:53:47 - bot - INFO - Starting to check markets.
2018-02-24 22:59:19 - main - INFO - logged in
2018-02-24 22:59:19 - bot - INFO - Setting market cap $432,550,390,712.00
2018-02-24 22:59:24 - main - INFO - Lokraan#3797 asked to start checking exchanges []
2018-02-24 22:59:24 - bot - INFO - Added Test-general to rsi/update outputs 
			and checking ['bittrex'] 
2018-02-24 22:59:24 - bot - INFO - Starting to check markets.
2018-02-24 23:00:28 - main - INFO - logged in
2018-02-24 23:00:29 - bot - INFO - Setting market cap $432,253,586,162.00
2018-02-24 23:00:30 - main - INFO - Lokraan#3797 asked to start checking exchanges []
2018-02-24 23:00:30 - bot - INFO - Added Test-general to rsi/update outputs 
			and checking ['bittrex'] 
2018-02-24 23:00:30 - bot - INFO - Starting to check markets.
2018-02-24 23:01:22 - main - INFO - logged in
2018-02-24 23:01:22 - bot - INFO - Setting market cap $432,253,586,162.00
2018-02-24 23:01:24 - main - INFO - Lokraan#3797 asked to start checking exchanges []
2018-02-24 23:01:24 - bot - INFO - Added Test-general to rsi/update outputs 
			and checking ['bittrex'] 
2018-02-24 23:01:24 - bot - INFO - Starting to check markets.
2018-02-24 23:01:49 - main - INFO - logged in
2018-02-24 23:01:49 - bot - INFO - Setting market cap $432,253,586,162.00
2018-02-24 23:01:51 - main - INFO - Lokraan#3797 asked to start checking exchanges []
2018-02-24 23:01:51 - bot - INFO - Added Test-general to rsi/update outputs 
			and checking ['bittrex'] 
2018-02-24 23:01:51 - bot - INFO - Starting to check markets.
2018-02-24 23:02:14 - main - INFO - logged in
2018-02-24 23:02:14 - bot - INFO - Setting market cap $432,253,586,162.00
2018-02-24 23:02:22 - main - INFO - Lokraan#3797 asked to start checking exchanges []
2018-02-24 23:02:23 - bot - INFO - Added Test-general to rsi/update outputs 
			and checking ['bittrex'] 
2018-02-24 23:02:23 - bot - INFO - Starting to check markets.
2018-02-24 23:02:27 - main - INFO - Lokraan#3797 asked to stop checking exchanges []
2018-02-24 23:33:35 - main - INFO - logged in
2018-02-24 23:33:35 - bot - INFO - Setting market cap $432,386,116,191.00
2018-02-24 23:33:36 - main - INFO - Lokraan#3797 asked to start checking exchanges []
2018-02-24 23:33:36 - bot - INFO - Added Test-general to rsi/update outputs 
			and checking ['bittrex'] 
2018-02-24 23:33:36 - bot - INFO - Starting to check markets.
2018-02-24 23:33:38 - main - INFO - Lokraan#3797 asked to stop checking exchanges []
2018-02-24 23:34:18 - main - INFO - logged in
2018-02-24 23:34:18 - bot - INFO - Setting market cap $432,386,116,191.00
2018-02-24 23:34:21 - main - INFO - Lokraan#3797 asked to start checking exchanges []
2018-02-24 23:34:21 - bot - INFO - Added Test-general to rsi/update outputs 
			and checking ['bittrex'] 
2018-02-24 23:34:21 - bot - INFO - Starting to check markets.
2018-02-24 23:34:55 - main - INFO - logged in
2018-02-24 23:34:55 - bot - INFO - Setting market cap $431,680,446,781.00
2018-02-24 23:35:14 - main - INFO - Lokraan#3797 asked to stop checking exchanges []
2018-02-24 23:37:07 - main - INFO - logged in
2018-02-24 23:37:07 - bot - INFO - Setting market cap $431,680,446,781.00
2018-02-24 23:37:41 - main - INFO - Lokraan#3797 asked to start checking exchanges []
2018-02-24 23:37:41 - bot - INFO - Added Test-general to rsi/update outputs 
			and checking ['bittrex'] 
2018-02-24 23:37:41 - bot - INFO - Starting to check markets.
2018-02-24 23:38:23 - main - INFO - logged in
2018-02-24 23:38:23 - bot - INFO - Setting market cap $431,680,446,781.00
2018-02-24 23:38:24 - main - INFO - Lokraan#3797 asked to start checking exchanges []
2018-02-24 23:38:24 - bot - INFO - Added Test-general to rsi/update outputs 
			and checking ['bittrex'] 
2018-02-24 23:38:24 - bot - INFO - Starting to check markets.
2018-02-24 23:38:30 - main - INFO - Lokraan#3797 asked to stop checking exchanges []
2018-02-24 23:38:30 - bot - INFO - Stopping checking markets
2018-02-24 23:43:18 - main - INFO - Lokraan#3797 asked to start checking exchanges []
2018-02-24 23:43:18 - bot - INFO - Added Test-general to rsi/update outputs 
			and checking ['bittrex'] 
2018-02-24 23:43:18 - bot - INFO - Starting to check markets.
